G:\SECOND SEMESTER\CPLUSPLUS\HOMEWORK\CYCLOOCTANE2\CYCLOOCTANE2\CYCLOOCTANE2\RELEASE\MAIN.OBJ
G:\SECOND SEMESTER\CPLUSPLUS\HOMEWORK\CYCLOOCTANE2\CYCLOOCTANE2\CYCLOOCTANE2\RELEASE\CYCLOOCTANE2.OBJ
G:\SECOND SEMESTER\CPLUSPLUS\HOMEWORK\CYCLOOCTANE2\CYCLOOCTANE2\CYCLOOCTANE2\RELEASE\VC110.PDB
G:\SECOND SEMESTER\CPLUSPLUS\HOMEWORK\CYCLOOCTANE2\CYCLOOCTANE2\RELEASE\CYCLOOCTANE2.EXE
G:\SECOND SEMESTER\CPLUSPLUS\HOMEWORK\CYCLOOCTANE2\CYCLOOCTANE2\RELEASE\CYCLOOCTANE2.PDB
G:\SECOND SEMESTER\CPLUSPLUS\HOMEWORK\CYCLOOCTANE2\CYCLOOCTANE2\CYCLOOCTANE2\RELEASE\CYCLOOCTANE2.RES
G:\Second semester\cplusplus\homework\Cyclooctane2\Cyclooctane2\Cyclooctane2\Release\Cyclooctane2.obj
G:\Second semester\cplusplus\homework\Cyclooctane2\Cyclooctane2\Cyclooctane2\Release\main.obj
G:\Second semester\cplusplus\homework\Cyclooctane2\Cyclooctane2\Cyclooctane2\Release\cl.command.1.tlog
G:\Second semester\cplusplus\homework\Cyclooctane2\Cyclooctane2\Cyclooctane2\Release\CL.read.1.tlog
G:\Second semester\cplusplus\homework\Cyclooctane2\Cyclooctane2\Cyclooctane2\Release\CL.write.1.tlog
G:\Second semester\cplusplus\homework\Cyclooctane2\Cyclooctane2\Cyclooctane2\Release\link-cvtres.read.1.tlog
G:\Second semester\cplusplus\homework\Cyclooctane2\Cyclooctane2\Cyclooctane2\Release\link-cvtres.write.1.tlog
G:\Second semester\cplusplus\homework\Cyclooctane2\Cyclooctane2\Cyclooctane2\Release\link-rc.read.1.tlog
G:\Second semester\cplusplus\homework\Cyclooctane2\Cyclooctane2\Cyclooctane2\Release\link-rc.write.1.tlog
G:\Second semester\cplusplus\homework\Cyclooctane2\Cyclooctane2\Cyclooctane2\Release\link.command.1.tlog
G:\Second semester\cplusplus\homework\Cyclooctane2\Cyclooctane2\Cyclooctane2\Release\link.read.1.tlog
G:\Second semester\cplusplus\homework\Cyclooctane2\Cyclooctane2\Cyclooctane2\Release\link.write.1.tlog
G:\Second semester\cplusplus\homework\Cyclooctane2\Cyclooctane2\Cyclooctane2\Release\rc.command.1.tlog
G:\Second semester\cplusplus\homework\Cyclooctane2\Cyclooctane2\Cyclooctane2\Release\rc.read.1.tlog
G:\Second semester\cplusplus\homework\Cyclooctane2\Cyclooctane2\Cyclooctane2\Release\rc.write.1.tlog
G:\Second semester\cplusplus\homework\Cyclooctane2\Cyclooctane2\Cyclooctane2\Release\Cyclooctane2.res
G:\Second semester\cplusplus\homework\Cyclooctane2\Cyclooctane2\Cyclooctane2\Release\vc110.pdb
G:\Second semester\cplusplus\homework\Cyclooctane2\Cyclooctane2\Release\Cyclooctane2.pdb
G:\Second semester\cplusplus\homework\Cyclooctane2\Cyclooctane2\Release\Cyclooctane2.exe
